TN:
SF:src/components/AddTodo.jsx
FN:4,AddTodo
FN:7,handleSubmit
FN:20,onChange
FNF:3
FNH:3
FNDA:4,AddTodo
FNDA:1,handleSubmit
FNDA:1,onChange
DA:1,1
DA:2,1
DA:3,1
DA:4,1
DA:5,4
DA:6,4
DA:7,4
DA:8,1
DA:9,1
DA:10,1
DA:11,1
DA:12,1
DA:13,1
DA:14,4
DA:15,4
DA:16,4
DA:17,4
DA:18,4
DA:19,4
DA:20,4
DA:21,4
DA:22,4
DA:23,4
DA:24,4
DA:25,4
DA:26,4
DA:27,4
DA:28,4
DA:29,4
DA:30,4
DA:31,4
DA:32,4
DA:33,4
DA:34,1
DA:35,1
LF:35
LH:35
BRDA:4,0,0,4
BRDA:7,1,0,1
BRDA:20,2,0,1
BRF:3
BRH:3
end_of_record
TN:
SF:src/components/TodoItem.jsx
FN:9,TodoItem
FN:13,handleEdit
FN:32,onChange
FN:41,onChange
FN:64,onClick
FNF:5
FNH:3
FNDA:5,TodoItem
FNDA:0,handleEdit
FNDA:1,onChange
FNDA:0,onChange
FNDA:1,onClick
DA:1,1
DA:2,1
DA:3,1
DA:4,1
DA:5,1
DA:6,1
DA:7,1
DA:8,1
DA:9,1
DA:10,5
DA:11,5
DA:12,5
DA:13,5
DA:14,0
DA:15,0
DA:16,0
DA:17,0
DA:18,0
DA:19,0
DA:20,0
DA:21,5
DA:22,5
DA:23,5
DA:24,5
DA:25,5
DA:26,5
DA:27,5
DA:28,5
DA:29,5
DA:30,5
DA:31,5
DA:32,5
DA:33,5
DA:34,5
DA:35,5
DA:36,5
DA:37,5
DA:38,0
DA:39,0
DA:40,0
DA:41,0
DA:42,0
DA:43,0
DA:44,0
DA:45,5
DA:46,5
DA:47,5
DA:48,5
DA:49,5
DA:50,5
DA:51,5
DA:52,5
DA:53,5
DA:54,5
DA:55,5
DA:56,5
DA:57,5
DA:58,0
DA:59,5
DA:60,5
DA:61,5
DA:62,5
DA:63,5
DA:64,5
DA:65,5
DA:66,5
DA:67,5
DA:68,5
DA:69,5
DA:70,5
DA:71,5
DA:72,5
DA:73,5
DA:74,1
DA:75,1
LF:75
LH:60
BRDA:9,0,0,5
BRDA:37,1,0,0
BRDA:46,2,0,1
BRDA:46,3,0,4
BRDA:57,4,0,0
BRDA:32,5,0,1
BRDA:64,6,0,1
BRF:7
BRH:5
end_of_record
TN:
SF:src/components/TodoList.jsx
FN:5,TodoList
FNF:1
FNH:1
FNDA:2,TodoList
DA:1,1
DA:2,1
DA:3,1
DA:4,1
DA:5,1
DA:6,2
DA:7,1
DA:8,1
DA:9,1
DA:10,1
DA:11,1
DA:12,1
DA:13,1
DA:14,1
DA:15,1
DA:16,1
DA:17,2
DA:18,2
DA:19,2
DA:20,2
DA:21,2
DA:22,2
DA:23,2
DA:24,1
DA:25,1
DA:26,1
DA:27,1
DA:28,1
DA:29,1
LF:29
LH:29
BRDA:5,0,0,2
BRDA:6,1,0,1
BRDA:16,2,0,2
BRF:3
BRH:3
end_of_record
TN:
SF:src/hooks/useTodos.js
FN:3,useTodos
FN:13,addTodo
FN:25,toggleTodo
FN:33,deleteTodo
FN:37,editTodo
FNF:5
FNH:4
FNDA:8,useTodos
FNDA:3,addTodo
FNDA:1,toggleTodo
FNDA:1,deleteTodo
FNDA:0,editTodo
DA:1,1
DA:2,1
DA:3,1
DA:4,8
DA:5,3
DA:6,3
DA:7,8
DA:8,8
DA:9,8
DA:10,8
DA:11,8
DA:12,8
DA:13,8
DA:14,3
DA:15,3
DA:16,3
DA:17,3
DA:18,3
DA:19,3
DA:20,3
DA:21,3
DA:22,3
DA:23,8
DA:24,8
DA:25,8
DA:26,1
DA:27,1
DA:28,1
DA:29,1
DA:30,1
DA:31,8
DA:32,8
DA:33,8
DA:34,1
DA:35,8
DA:36,8
DA:37,8
DA:38,0
DA:39,0
DA:40,0
DA:41,0
DA:42,0
DA:43,8
DA:44,8
DA:45,8
DA:46,8
DA:47,8
DA:48,8
DA:49,8
DA:50,8
DA:51,8
DA:52,8
DA:53,1
DA:54,1
LF:54
LH:49
BRDA:3,0,0,8
BRDA:4,1,0,3
BRDA:6,2,0,0
BRDA:9,3,0,8
BRDA:13,4,0,3
BRDA:25,5,0,1
BRDA:27,6,0,1
BRDA:28,7,0,0
BRDA:33,8,0,1
BRDA:34,9,0,1
BRF:10
BRH:8
end_of_record
